Analysis & Synthesis report for VCRController
Tue Oct 22 00:40:54 2013
Quartus II 64-Bit Version 13.0.0 Build 156 04/24/2013 SJ Web Edition


---------------------
; Table of Contents ;
---------------------
  1. Legal Notice
  2. Analysis & Synthesis Summary
  3. Analysis & Synthesis Settings
  4. Parallel Compilation
  5. Analysis & Synthesis Source Files Read
  6. Analysis & Synthesis Resource Usage Summary
  7. Analysis & Synthesis Resource Utilization by Entity
  8. Registers Removed During Synthesis
  9. General Register Statistics
 10. Inverted Register Statistics
 11. Multiplexer Restructuring Statistics (Restructuring Performed)
 12. Elapsed Time Per Partition
 13. Analysis & Synthesis Messages



----------------
; Legal Notice ;
----------------
Copyright (C) 1991-2013 Altera Corporation
Your use of Altera Corporation's design tools, logic functions 
and other software and tools, and its AMPP partner logic 
functions, and any output files from any of the foregoing 
(including device programming or simulation files), and any 
associated documentation or information are expressly subject 
to the terms and conditions of the Altera Program License 
Subscription Agreement, Altera MegaCore Function License 
Agreement, or other applicable license agreement, including, 
without limitation, that your use is for the sole purpose of 
programming logic devices manufactured by Altera and sold by 
Altera or its authorized distributors.  Please refer to the 
applicable agreement for further details.



+---------------------------------------------------------------------------------+
; Analysis & Synthesis Summary                                                    ;
+------------------------------------+--------------------------------------------+
; Analysis & Synthesis Status        ; Successful - Tue Oct 22 00:40:54 2013      ;
; Quartus II 64-Bit Version          ; 13.0.0 Build 156 04/24/2013 SJ Web Edition ;
; Revision Name                      ; VCRController                              ;
; Top-level Entity Name              ; VCRStateMachine                            ;
; Family                             ; Cyclone II                                 ;
; Total logic elements               ; 473                                        ;
;     Total combinational functions  ; 473                                        ;
;     Dedicated logic registers      ; 89                                         ;
; Total registers                    ; 89                                         ;
; Total pins                         ; 68                                         ;
; Total virtual pins                 ; 0                                          ;
; Total memory bits                  ; 0                                          ;
; Embedded Multiplier 9-bit elements ; 0                                          ;
; Total PLLs                         ; 0                                          ;
+------------------------------------+--------------------------------------------+


+----------------------------------------------------------------------------------------------------------------------+
; Analysis & Synthesis Settings                                                                                        ;
+----------------------------------------------------------------------------+--------------------+--------------------+
; Option                                                                     ; Setting            ; Default Value      ;
+----------------------------------------------------------------------------+--------------------+--------------------+
; Device                                                                     ; EP2C35F672C6       ;                    ;
; Top-level entity name                                                      ; VCRStateMachine    ; VCRController      ;
; Family name                                                                ; Cyclone II         ; Cyclone IV GX      ;
; Use smart compilation                                                      ; Off                ; Off                ;
; Enable parallel Assembler and TimeQuest Timing Analyzer during compilation ; On                 ; On                 ;
; Enable compact report table                                                ; Off                ; Off                ;
; Restructure Multiplexers                                                   ; Auto               ; Auto               ;
; Create Debugging Nodes for IP Cores                                        ; Off                ; Off                ;
; Preserve fewer node names                                                  ; On                 ; On                 ;
; Disable OpenCore Plus hardware evaluation                                  ; Off                ; Off                ;
; Verilog Version                                                            ; Verilog_2001       ; Verilog_2001       ;
; VHDL Version                                                               ; VHDL_1993          ; VHDL_1993          ;
; State Machine Processing                                                   ; Auto               ; Auto               ;
; Safe State Machine                                                         ; Off                ; Off                ;
; Extract Verilog State Machines                                             ; On                 ; On                 ;
; Extract VHDL State Machines                                                ; On                 ; On                 ;
; Ignore Verilog initial constructs                                          ; Off                ; Off                ;
; Iteration limit for constant Verilog loops                                 ; 5000               ; 5000               ;
; Iteration limit for non-constant Verilog loops                             ; 250                ; 250                ;
; Add Pass-Through Logic to Inferred RAMs                                    ; On                 ; On                 ;
; Infer RAMs from Raw Logic                                                  ; On                 ; On                 ;
; Parallel Synthesis                                                         ; On                 ; On                 ;
; DSP Block Balancing                                                        ; Auto               ; Auto               ;
; NOT Gate Push-Back                                                         ; On                 ; On                 ;
; Power-Up Don't Care                                                        ; On                 ; On                 ;
; Remove Redundant Logic Cells                                               ; Off                ; Off                ;
; Remove Duplicate Registers                                                 ; On                 ; On                 ;
; Ignore CARRY Buffers                                                       ; Off                ; Off                ;
; Ignore CASCADE Buffers                                                     ; Off                ; Off                ;
; Ignore GLOBAL Buffers                                                      ; Off                ; Off                ;
; Ignore ROW GLOBAL Buffers                                                  ; Off                ; Off                ;
; Ignore LCELL Buffers                                                       ; Off                ; Off                ;
; Ignore SOFT Buffers                                                        ; On                 ; On                 ;
; Limit AHDL Integers to 32 Bits                                             ; Off                ; Off                ;
; Optimization Technique                                                     ; Balanced           ; Balanced           ;
; Carry Chain Length                                                         ; 70                 ; 70                 ;
; Auto Carry Chains                                                          ; On                 ; On                 ;
; Auto Open-Drain Pins                                                       ; On                 ; On                 ;
; Perform WYSIWYG Primitive Resynthesis                                      ; Off                ; Off                ;
; Auto ROM Replacement                                                       ; On                 ; On                 ;
; Auto RAM Replacement                                                       ; On                 ; On                 ;
; Auto Shift Register Replacement                                            ; Auto               ; Auto               ;
; Allow Shift Register Merging across Hierarchies                            ; Auto               ; Auto               ;
; Auto Clock Enable Replacement                                              ; On                 ; On                 ;
; Strict RAM Replacement                                                     ; Off                ; Off                ;
; Allow Synchronous Control Signals                                          ; On                 ; On                 ;
; Force Use of Synchronous Clear Signals                                     ; Off                ; Off                ;
; Auto RAM to Logic Cell Conversion                                          ; Off                ; Off                ;
; Auto Resource Sharing                                                      ; Off                ; Off                ;
; Allow Any RAM Size For Recognition                                         ; Off                ; Off                ;
; Allow Any ROM Size For Recognition                                         ; Off                ; Off                ;
; Allow Any Shift Register Size For Recognition                              ; Off                ; Off                ;
; Use LogicLock Constraints during Resource Balancing                        ; On                 ; On                 ;
; Ignore translate_off and synthesis_off directives                          ; Off                ; Off                ;
; Timing-Driven Synthesis                                                    ; Off                ; Off                ;
; Report Parameter Settings                                                  ; On                 ; On                 ;
; Report Source Assignments                                                  ; On                 ; On                 ;
; Report Connectivity Checks                                                 ; On                 ; On                 ;
; Ignore Maximum Fan-Out Assignments                                         ; Off                ; Off                ;
; Synchronization Register Chain Length                                      ; 2                  ; 2                  ;
; PowerPlay Power Optimization                                               ; Normal compilation ; Normal compilation ;
; HDL message level                                                          ; Level2             ; Level2             ;
; Suppress Register Optimization Related Messages                            ; Off                ; Off                ;
; Number of Removed Registers Reported in Synthesis Report                   ; 5000               ; 5000               ;
; Number of Swept Nodes Reported in Synthesis Report                         ; 5000               ; 5000               ;
; Number of Inverted Registers Reported in Synthesis Report                  ; 100                ; 100                ;
; Clock MUX Protection                                                       ; On                 ; On                 ;
; Auto Gated Clock Conversion                                                ; Off                ; Off                ;
; Block Design Naming                                                        ; Auto               ; Auto               ;
; SDC constraint protection                                                  ; Off                ; Off                ;
; Synthesis Effort                                                           ; Auto               ; Auto               ;
; Shift Register Replacement - Allow Asynchronous Clear Signal               ; On                 ; On                 ;
; Pre-Mapping Resynthesis Optimization                                       ; Off                ; Off                ;
; Analysis & Synthesis Message Level                                         ; Medium             ; Medium             ;
; Disable Register Merging Across Hierarchies                                ; Auto               ; Auto               ;
; Resource Aware Inference For Block RAM                                     ; On                 ; On                 ;
; Synthesis Seed                                                             ; 1                  ; 1                  ;
+----------------------------------------------------------------------------+--------------------+--------------------+


Parallel compilation was disabled, but you have multiple processors available. Enable parallel compilation to reduce compilation time.
+-------------------------------------+
; Parallel Compilation                ;
+----------------------------+--------+
; Processors                 ; Number ;
+----------------------------+--------+
; Number detected on machine ; 4      ;
; Maximum allowed            ; 1      ;
+----------------------------+--------+


+----------------------------------------------------------------------------------------------------------------------------------------------------------------------------------------------------------------------------+
; Analysis & Synthesis Source Files Read                                                                                                                                                                                     ;
+-----------------------------------------------------+-----------------+------------------------------------+-----------------------------------------------------------------------------------------------------+---------+
; File Name with User-Entered Path                    ; Used in Netlist ; File Type                          ; File Name with Absolute Path                                                                        ; Library ;
+-----------------------------------------------------+-----------------+------------------------------------+-----------------------------------------------------------------------------------------------------+---------+
; LCD_Controller(13)/LCD_Controller/MessageRom.vhd    ; yes             ; User VHDL File                     ; C:/Users/Herman/Downloads/EECE 259/Assignment 2/LCD_Controller(13)/LCD_Controller/MessageRom.vhd    ;         ;
; LCD_Controller(13)/LCD_Controller/LCDController.vhd ; yes             ; User VHDL File                     ; C:/Users/Herman/Downloads/EECE 259/Assignment 2/LCD_Controller(13)/LCD_Controller/LCDController.vhd ;         ;
; LCD_Controller(13)/LCD_Controller/LCD_DRIVER.vhd    ; yes             ; User VHDL File                     ; C:/Users/Herman/Downloads/EECE 259/Assignment 2/LCD_Controller(13)/LCD_Controller/LCD_DRIVER.vhd    ;         ;
; VCRPlayer.vhd                                       ; yes             ; User VHDL File                     ; C:/Users/Herman/Downloads/EECE 259/Assignment 2/VCRPlayer.vhd                                       ;         ;
; TapeCounter.vhd                                     ; yes             ; User VHDL File                     ; C:/Users/Herman/Downloads/EECE 259/Assignment 2/TapeCounter.vhd                                     ;         ;
; HexDisplayDriver.vhd                                ; yes             ; User VHDL File                     ; C:/Users/Herman/Downloads/EECE 259/Assignment 2/HexDisplayDriver.vhd                                ;         ;
; Timer.vhd                                           ; yes             ; User VHDL File                     ; C:/Users/Herman/Downloads/EECE 259/Assignment 2/Timer.vhd                                           ;         ;
; VCRStateMachine.bdf                                 ; yes             ; User Block Diagram/Schematic File  ; C:/Users/Herman/Downloads/EECE 259/Assignment 2/VCRStateMachine.bdf                                 ;         ;
+-----------------------------------------------------+-----------------+------------------------------------+-----------------------------------------------------------------------------------------------------+---------+


+-----------------------------------------------------+
; Analysis & Synthesis Resource Usage Summary         ;
+---------------------------------------------+-------+
; Resource                                    ; Usage ;
+---------------------------------------------+-------+
; Estimated Total logic elements              ; 473   ;
;                                             ;       ;
; Total combinational functions               ; 473   ;
; Logic element usage by number of LUT inputs ;       ;
;     -- 4 input functions                    ; 303   ;
;     -- 3 input functions                    ; 72    ;
;     -- <=2 input functions                  ; 98    ;
;                                             ;       ;
; Logic elements by mode                      ;       ;
;     -- normal mode                          ; 422   ;
;     -- arithmetic mode                      ; 51    ;
;                                             ;       ;
; Total registers                             ; 89    ;
;     -- Dedicated logic registers            ; 89    ;
;     -- I/O registers                        ; 0     ;
;                                             ;       ;
; I/O pins                                    ; 68    ;
; Embedded Multiplier 9-bit elements          ; 0     ;
; Maximum fan-out node                        ; Clock ;
; Maximum fan-out                             ; 60    ;
; Total fan-out                               ; 1914  ;
; Average fan-out                             ; 3.04  ;
+---------------------------------------------+-------+


+----------------------------------------------------------------------------------------------------------------------------------------------------------------------------------------------------+
; Analysis & Synthesis Resource Utilization by Entity                                                                                                                                                ;
+------------------------------+-------------------+--------------+-------------+--------------+---------+-----------+------+--------------+------------------------------------------+--------------+
; Compilation Hierarchy Node   ; LC Combinationals ; LC Registers ; Memory Bits ; DSP Elements ; DSP 9x9 ; DSP 18x18 ; Pins ; Virtual Pins ; Full Hierarchy Name                      ; Library Name ;
+------------------------------+-------------------+--------------+-------------+--------------+---------+-----------+------+--------------+------------------------------------------+--------------+
; |VCRStateMachine             ; 473 (1)           ; 89 (1)       ; 0           ; 0            ; 0       ; 0         ; 68   ; 0            ; |VCRStateMachine                         ;              ;
;    |HexDisplayDriver:inst10| ; 7 (7)             ; 0 (0)        ; 0           ; 0            ; 0       ; 0         ; 0    ; 0            ; |VCRStateMachine|HexDisplayDriver:inst10 ;              ;
;    |HexDisplayDriver:inst3|  ; 9 (9)             ; 0 (0)        ; 0           ; 0            ; 0       ; 0         ; 0    ; 0            ; |VCRStateMachine|HexDisplayDriver:inst3  ;              ;
;    |HexDisplayDriver:inst6|  ; 7 (7)             ; 0 (0)        ; 0           ; 0            ; 0       ; 0         ; 0    ; 0            ; |VCRStateMachine|HexDisplayDriver:inst6  ;              ;
;    |HexDisplayDriver:inst7|  ; 8 (8)             ; 0 (0)        ; 0           ; 0            ; 0       ; 0         ; 0    ; 0            ; |VCRStateMachine|HexDisplayDriver:inst7  ;              ;
;    |HexDisplayDriver:inst8|  ; 7 (7)             ; 0 (0)        ; 0           ; 0            ; 0       ; 0         ; 0    ; 0            ; |VCRStateMachine|HexDisplayDriver:inst8  ;              ;
;    |HexDisplayDriver:inst9|  ; 8 (8)             ; 0 (0)        ; 0           ; 0            ; 0       ; 0         ; 0    ; 0            ; |VCRStateMachine|HexDisplayDriver:inst9  ;              ;
;    |LCDController:inst5|     ; 43 (43)           ; 8 (8)        ; 0           ; 0            ; 0       ; 0         ; 0    ; 0            ; |VCRStateMachine|LCDController:inst5     ;              ;
;    |LCD_DRIVER:inst4|        ; 41 (41)           ; 21 (21)      ; 0           ; 0            ; 0       ; 0         ; 0    ; 0            ; |VCRStateMachine|LCD_DRIVER:inst4        ;              ;
;    |MessageRom:inst12|       ; 86 (86)           ; 0 (0)        ; 0           ; 0            ; 0       ; 0         ; 0    ; 0            ; |VCRStateMachine|MessageRom:inst12       ;              ;
;    |TapeCounter:inst|        ; 101 (101)         ; 24 (24)      ; 0           ; 0            ; 0       ; 0         ; 0    ; 0            ; |VCRStateMachine|TapeCounter:inst        ;              ;
;    |Timer:inst2|             ; 79 (79)           ; 32 (32)      ; 0           ; 0            ; 0       ; 0         ; 0    ; 0            ; |VCRStateMachine|Timer:inst2             ;              ;
;    |VCRPlayer:inst1|         ; 76 (76)           ; 3 (3)        ; 0           ; 0            ; 0       ; 0         ; 0    ; 0            ; |VCRStateMachine|VCRPlayer:inst1         ;              ;
+------------------------------+-------------------+--------------+-------------+--------------+---------+-----------+------+--------------+------------------------------------------+--------------+
Note: For table entries with two numbers listed, the numbers in parentheses indicate the number of resources of the given type used by the specific entity alone. The numbers listed outside of parentheses indicate the total resources of the given type used by the specific entity and all of its sub-entities in the hierarchy.


+--------------------------------------------------------------------------------+
; Registers Removed During Synthesis                                             ;
+---------------------------------------+----------------------------------------+
; Register name                         ; Reason for Removal                     ;
+---------------------------------------+----------------------------------------+
; LCDController:inst5|Current_state[3]  ; Stuck at GND due to stuck port data_in ;
; VCRPlayer:inst1|CurrentState[3]       ; Stuck at GND due to stuck port data_in ;
; Total Number of Removed Registers = 2 ;                                        ;
+---------------------------------------+----------------------------------------+


+------------------------------------------------------+
; General Register Statistics                          ;
+----------------------------------------------+-------+
; Statistic                                    ; Value ;
+----------------------------------------------+-------+
; Total registers                              ; 89    ;
; Number of registers using Synchronous Clear  ; 8     ;
; Number of registers using Synchronous Load   ; 3     ;
; Number of registers using Asynchronous Clear ; 17    ;
; Number of registers using Asynchronous Load  ; 0     ;
; Number of registers using Clock Enable       ; 39    ;
; Number of registers using Preset             ; 0     ;
+----------------------------------------------+-------+


+--------------------------------------------------+
; Inverted Register Statistics                     ;
+----------------------------------------+---------+
; Inverted Register                      ; Fan out ;
+----------------------------------------+---------+
; LCD_DRIVER:inst4|timeLCDClk[16]        ; 3       ;
; LCD_DRIVER:inst4|timeLCDClk[3]         ; 2       ;
; LCD_DRIVER:inst4|timeLCDClk[6]         ; 2       ;
; LCD_DRIVER:inst4|timeLCDClk[11]        ; 2       ;
; LCD_DRIVER:inst4|timeLCDClk[13]        ; 2       ;
; LCD_DRIVER:inst4|timeLCDClk[14]        ; 2       ;
; LCD_DRIVER:inst4|timeLCDClk[15]        ; 2       ;
; Total number of inverted registers = 7 ;         ;
+----------------------------------------+---------+


+------------------------------------------------------------------------------------------------------------------------------------------------------------------+
; Multiplexer Restructuring Statistics (Restructuring Performed)                                                                                                   ;
+--------------------+-----------+---------------+----------------------+------------------------+------------+----------------------------------------------------+
; Multiplexer Inputs ; Bus Width ; Baseline Area ; Area if Restructured ; Saving if Restructured ; Registered ; Example Multiplexer Output                         ;
+--------------------+-----------+---------------+----------------------+------------------------+------------+----------------------------------------------------+
; 3:1                ; 9 bits    ; 18 LEs        ; 18 LEs               ; 0 LEs                  ; Yes        ; |VCRStateMachine|Timer:inst2|Count[30]             ;
; 3:1                ; 5 bits    ; 10 LEs        ; 5 LEs                ; 5 LEs                  ; Yes        ; |VCRStateMachine|LCDController:inst5|Char_Count[4] ;
; 6:1                ; 23 bits   ; 92 LEs        ; 69 LEs               ; 23 LEs                 ; Yes        ; |VCRStateMachine|Timer:inst2|Count[14]             ;
; 8:1                ; 3 bits    ; 15 LEs        ; 9 LEs                ; 6 LEs                  ; Yes        ; |VCRStateMachine|TapeCounter:inst|H2T[1]           ;
; 9:1                ; 3 bits    ; 18 LEs        ; 9 LEs                ; 9 LEs                  ; Yes        ; |VCRStateMachine|TapeCounter:inst|M2T[3]           ;
; 10:1               ; 3 bits    ; 18 LEs        ; 9 LEs                ; 9 LEs                  ; Yes        ; |VCRStateMachine|TapeCounter:inst|S1_Temp[1]       ;
; 10:1               ; 3 bits    ; 18 LEs        ; 9 LEs                ; 9 LEs                  ; Yes        ; |VCRStateMachine|TapeCounter:inst|M1T[1]           ;
; 10:1               ; 3 bits    ; 18 LEs        ; 9 LEs                ; 9 LEs                  ; Yes        ; |VCRStateMachine|TapeCounter:inst|H1T[3]           ;
; 11:1               ; 3 bits    ; 21 LEs        ; 9 LEs                ; 12 LEs                 ; Yes        ; |VCRStateMachine|TapeCounter:inst|S2T[1]           ;
; 38:1               ; 2 bits    ; 50 LEs        ; 26 LEs               ; 24 LEs                 ; Yes        ; |VCRStateMachine|VCRPlayer:inst1|CurrentState[3]   ;
; 10:1               ; 2 bits    ; 12 LEs        ; 8 LEs                ; 4 LEs                  ; No         ; |VCRStateMachine|LCDController:inst5|AddressOut[5] ;
+--------------------+-----------+---------------+----------------------+------------------------+------------+----------------------------------------------------+


+-------------------------------+
; Elapsed Time Per Partition    ;
+----------------+--------------+
; Partition Name ; Elapsed Time ;
+----------------+--------------+
; Top            ; 00:00:02     ;
+----------------+--------------+


+-------------------------------+
; Analysis & Synthesis Messages ;
+-------------------------------+
Info: *******************************************************************
Info: Running Quartus II 64-Bit Analysis & Synthesis
    Info: Version 13.0.0 Build 156 04/24/2013 SJ Web Edition
    Info: Processing started: Tue Oct 22 00:40:50 2013
Info: Command: quartus_map --read_settings_files=on --write_settings_files=off VCRController -c VCRController
Warning (20028): Parallel compilation is not licensed and has been disabled
Info (12021): Found 2 design units, including 1 entities, in source file lcd_controller(13)/lcd_controller/messagerom.vhd
    Info (12022): Found design unit 1: MessageRom-bhvr
    Info (12023): Found entity 1: MessageRom
Info (12021): Found 2 design units, including 1 entities, in source file lcd_controller(13)/lcd_controller/lcdcontroller.vhd
    Info (12022): Found design unit 1: LCDController-MealyModel
    Info (12023): Found entity 1: LCDController
Info (12021): Found 2 design units, including 1 entities, in source file lcd_controller(13)/lcd_controller/lcd_driver.vhd
    Info (12022): Found design unit 1: LCD_DRIVER-behaviour
    Info (12023): Found entity 1: LCD_DRIVER
Info (12021): Found 1 design units, including 1 entities, in source file lcd_controller(13)/lcd_controller/lcd_display_controller.bdf
    Info (12023): Found entity 1: LCD_Display_Controller
Info (12021): Found 1 design units, including 1 entities, in source file lcd_controller(13)/lcd_controller/lcd_display.bdf
    Info (12023): Found entity 1: LCD_Display
Info (12021): Found 2 design units, including 1 entities, in source file vcrplayer.vhd
    Info (12022): Found design unit 1: VCRPlayer-behavorial
    Info (12023): Found entity 1: VCRPlayer
Info (12021): Found 2 design units, including 1 entities, in source file tapecounter.vhd
    Info (12022): Found design unit 1: TapeCounter-Behavioural
    Info (12023): Found entity 1: TapeCounter
Info (12021): Found 2 design units, including 1 entities, in source file hexdisplaydriver.vhd
    Info (12022): Found design unit 1: HexDisplayDriver-Behavioural
    Info (12023): Found entity 1: HexDisplayDriver
Info (12021): Found 1 design units, including 1 entities, in source file tapecounterdisplay.bdf
    Info (12023): Found entity 1: TapeCounterDisplay
Info (12021): Found 2 design units, including 1 entities, in source file timer.vhd
    Info (12022): Found design unit 1: Timer-Behavorial
    Info (12023): Found entity 1: Timer
Info (12021): Found 1 design units, including 1 entities, in source file vcrstatemachine.bdf
    Info (12023): Found entity 1: VCRStateMachine
Info (12127): Elaborating entity "VCRStateMachine" for the top level hierarchy
Info (12128): Elaborating entity "LCD_DRIVER" for hierarchy "LCD_DRIVER:inst4"
Info (12128): Elaborating entity "LCDController" for hierarchy "LCDController:inst5"
Info (12128): Elaborating entity "VCRPlayer" for hierarchy "VCRPlayer:inst1"
Info (12128): Elaborating entity "Timer" for hierarchy "Timer:inst2"
Info (12128): Elaborating entity "MessageRom" for hierarchy "MessageRom:inst12"
Info (12128): Elaborating entity "HexDisplayDriver" for hierarchy "HexDisplayDriver:inst3"
Info (12128): Elaborating entity "TapeCounter" for hierarchy "TapeCounter:inst"
Warning (13024): Output pins are stuck at VCC or GND
    Warning (13410): Pin "LCD_BLON_DE2" is stuck at VCC
    Warning (13410): Pin "LCD_ON_DE2" is stuck at VCC
Critical Warning (18061): Ignored Power-Up Level option on the following registers
    Critical Warning (18010): Register LCD_DRIVER:inst4|timeLCDClk[3] will power up to High
    Critical Warning (18010): Register LCD_DRIVER:inst4|timeLCDClk[6] will power up to High
    Critical Warning (18010): Register LCD_DRIVER:inst4|timeLCDClk[11] will power up to High
    Critical Warning (18010): Register LCD_DRIVER:inst4|timeLCDClk[13] will power up to High
    Critical Warning (18010): Register LCD_DRIVER:inst4|timeLCDClk[14] will power up to High
    Critical Warning (18010): Register LCD_DRIVER:inst4|timeLCDClk[15] will power up to High
    Critical Warning (18010): Register LCD_DRIVER:inst4|timeLCDClk[16] will power up to High
Info (16010): Generating hard_block partition "hard_block:auto_generated_inst"
    Info (16011): Adding 0 node(s), including 0 DDIO, 0 PLL, 0 transceiver and 0 LCELL
Info (21057): Implemented 541 device resources after synthesis - the final resource count might be different
    Info (21058): Implemented 13 input pins
    Info (21059): Implemented 55 output pins
    Info (21061): Implemented 473 logic cells
Info: Quartus II 64-Bit Analysis & Synthesis was successful. 0 errors, 12 warnings
    Info: Peak virtual memory: 510 megabytes
    Info: Processing ended: Tue Oct 22 00:40:54 2013
    Info: Elapsed time: 00:00:04
    Info: Total CPU time (on all processors): 00:00:04


